2024-03-21 18:08:32 Display all available commands  SUCCESS
2024-03-21 18:11:51 Create a file for student and grade entries grades.txt SUCCESS
2024-03-21 18:12:20 Create a file for student and grade entries grades.txt FAILURE
2024-03-21 18:13:45 Display the usage of addStudentGrade command  SUCCESS
2024-03-21 18:15:37 Add student and their grade to the file Erkan Zergeroğlu SUCCESS
2024-03-21 18:16:15 Add student and their grade to the file  FAILURE
2024-03-21 18:17:34 Display the usage of searchStudent command  SUCCESS
2024-03-21 18:19:37 Search for a student in the file Erkan Zergeroğlu SUCCESS
2024-03-21 18:19:44 Search for a student in the file  FAILURE
2024-03-21 18:19:59 Search for a student in the file Erchan Aptoula FAILURE
2024-03-21 18:21:53 Display the usage of sortAll command  SUCCESS
2024-03-21 18:25:13 Display Command not found  SUCESS
2024-03-21 18:25:19 Sort the students from the file by their name in descending order  SUCCESS
2024-03-21 18:31:26 Display the usage of sortAll command  SUCCESS
2024-03-21 18:31:39 Sort the students from the file by their name or grade in ascending or descending order  SUCCESS
2024-03-21 18:33:53 Sort the students from the file by their name or grade in ascending or descending order  SUCCESS
2024-03-21 18:39:31 Display Command not found  SUCESS
2024-03-21 18:39:35 Display the usage of showAll command  SUCCESS
2024-03-21 18:39:44 Show all the records in the specified file  SUCCESS
2024-03-21 18:41:21 Print the n entry in the specified page in the specified file  FAILURE
2024-03-21 18:41:35 Display the usage of listGrades command  SUCCESS
2024-03-21 18:41:35 Print the first 5 entry in the specified file  FAILURE
2024-03-21 18:42:43 Print the first 5 entry in the specified file  FAILURE
2024-03-21 18:42:48 Display the usage of listGrades command  SUCCESS
2024-03-21 18:42:53 Print the first 5 entry in the specified file  SUCCESS
2024-03-21 18:44:38 Display the usage of listSome command  SUCCESS
2024-03-21 18:44:49 Print the n entry in the specified page in the specified file  FAILURE
2024-03-21 18:44:58 Display Command not found  SUCESS
2024-03-21 18:45:08 Print the n entry in the specified page in the specified file  SUCCESS
